<?xml version="1.0" encoding="UTF-8"?>
<!-- Generated by org.testng.reporters.JUnitReportReporter -->
<testsuite hostname="DESKTOP-QRQRH7B" failures="0" tests="1" name="com.seleniumautomationprograms.DragandDrop" time="15.946" errors="0" timestamp="2022-04-08T16:21:05 SAST" skipped="0">
  <testcase classname="com.seleniumautomationprograms.DragandDrop" name="Test1" time="15.946"/>
  <system-out/>
</testsuite> <!-- com.seleniumautomationprograms.DragandDrop -->
