<?xml version="1.0" encoding="UTF-8"?>
<!-- Generated by org.testng.reporters.JUnitReportReporter -->
<testsuite hostname="DESKTOP-QRQRH7B" failures="0" tests="1" name="com.seleniumautomationprograms.DynamicXpath" time="22.152" errors="0" timestamp="2020-10-08T14:17:53 SAST" skipped="0">
  <testcase classname="com.seleniumautomationprograms.DynamicXpath" name="Test1" time="22.152"/>
  <system-out/>
</testsuite> <!-- com.seleniumautomationprograms.DynamicXpath -->
