<?xml version="1.0" encoding="UTF-8"?>
<!-- Generated by org.testng.reporters.JUnitReportReporter -->
<testsuite hostname="DESKTOP-QRQRH7B" failures="0" tests="1" name="com.seleniumautomationprograms.DynamicWebTable" time="13.350" errors="0" timestamp="2021-03-10T14:28:23 SAST" skipped="0">
  <testcase classname="com.seleniumautomationprograms.DynamicWebTable" name="Test1" time="13.350"/>
  <system-out/>
</testsuite> <!-- com.seleniumautomationprograms.DynamicWebTable -->
