<?xml version="1.0" encoding="UTF-8"?>
<!-- Generated by org.testng.reporters.JUnitReportReporter -->
<testsuite hostname="DESKTOP-QRQRH7B" failures="0" tests="1" name="com.seleniumautomationprograms.MouseOver" time="11.542" errors="0" timestamp="2022-04-01T11:58:39 SAST" skipped="0">
  <testcase classname="com.seleniumautomationprograms.MouseOver" name="Test1" time="11.542"/>
  <system-out/>
</testsuite> <!-- com.seleniumautomationprograms.MouseOver -->
