<?xml version="1.0" encoding="UTF-8"?>
<!-- Generated by org.testng.reporters.JUnitReportReporter -->
<testsuite hostname="DESKTOP-QRQRH7B" failures="0" tests="1" name="com.ExtentReports.ExtentReportDemo" time="27.402" errors="0" timestamp="2021-05-10T16:07:02 SAST" skipped="0">
  <testcase classname="com.ExtentReports.ExtentReportDemo" name="initialDemo" time="27.402"/>
  <system-out/>
</testsuite> <!-- com.ExtentReports.ExtentReportDemo -->
