<?xml version="1.0" encoding="UTF-8"?>
<!-- Generated by org.testng.reporters.JUnitReportReporter -->
<testsuite hostname="DESKTOP-QRQRH7B" failures="0" tests="1" name="com.seleniumautomationprograms.VerifyErrorMessage" time="21.228" errors="0" timestamp="2020-10-13T14:12:59 SAST" skipped="0">
  <testcase classname="com.seleniumautomationprograms.VerifyErrorMessage" name="Test1" time="21.228"/>
  <system-out/>
</testsuite> <!-- com.seleniumautomationprograms.VerifyErrorMessage -->
