<?xml version="1.0" encoding="UTF-8"?>
<!-- Generated by org.testng.reporters.JUnitReportReporter -->
<testsuite hostname="DESKTOP-QRQRH7B" failures="0" tests="1" name="com.seleniumautomationprograms.DropDownList" time="18.527" errors="0" timestamp="2021-03-06T16:50:15 SAST" skipped="0">
  <testcase classname="com.seleniumautomationprograms.DropDownList" name="Test" time="18.527"/>
  <system-out/>
</testsuite> <!-- com.seleniumautomationprograms.DropDownList -->
